# JRE version: Java(TM) SE Runtime Environment (7.0_67-b01) (build 1.7.0_67-b01)
# Java VM: Java HotSpot(TM) 64-Bit Server VM (24.65-b04 mixed mode bsd-amd64 compressed oops)
Heap
 PSYoungGen      total 76800K, used 33621K [0x00000007aaa80000, 0x00000007b0000000, 0x0000000800000000)
  eden space 66048K, 44% used [0x00000007aaa80000,0x00000007ac6ecc50,0x00000007aeb00000)
  from space 10752K, 41% used [0x00000007aeb00000,0x00000007aef68908,0x00000007af580000)
  to   space 10752K, 0% used [0x00000007af580000,0x00000007af580000,0x00000007b0000000)
 ParOldGen       total 174592K, used 16K [0x0000000700000000, 0x000000070aa80000, 0x00000007aaa80000)
  object space 174592K, 0% used [0x0000000700000000,0x0000000700004000,0x000000070aa80000)
 PSPermGen       total 21504K, used 11966K [0x00000006fae00000, 0x00000006fc300000, 0x0000000700000000)
  object space 21504K, 55% used [0x00000006fae00000,0x00000006fb9af9b8,0x00000006fc300000)
GC Heap History (6 events):
Event: 6.504 GC heap before
{Heap before GC invocations=1 (full 0):
 PSYoungGen      total 76800K, used 64752K [0x00000007aaa80000, 0x00000007b0000000, 0x0000000800000000)
  eden space 66048K, 98% used [0x00000007aaa80000,0x00000007ae9bc0d0,0x00000007aeb00000)
  from space 10752K, 0% used [0x00000007af580000,0x00000007af580000,0x00000007b0000000)
  to   space 10752K, 0% used [0x00000007aeb00000,0x00000007aeb00000,0x00000007af580000)
 ParOldGen       total 174592K, used 0K [0x0000000700000000, 0x000000070aa80000, 0x00000007aaa80000)
  object space 174592K, 0% used [0x0000000700000000,0x0000000700000000,0x000000070aa80000)
 PSPermGen       total 21504K, used 11963K [0x00000006fae00000, 0x00000006fc300000, 0x0000000700000000)
  object space 21504K, 55% used [0x00000006fae00000,0x00000006fb9aec00,0x00000006fc300000)
Event: 6.509 GC heap after
Heap after GC invocations=1 (full 0):
 PSYoungGen      total 76800K, used 7449K [0x00000007aaa80000, 0x00000007b0000000, 0x0000000800000000)
  eden space 66048K, 0% used [0x00000007aaa80000,0x00000007aaa80000,0x00000007aeb00000)
  from space 10752K, 69% used [0x00000007aeb00000,0x00000007af2467d0,0x00000007af580000)
  to   space 10752K, 0% used [0x00000007af580000,0x00000007af580000,0x00000007b0000000)
 ParOldGen       total 174592K, used 8K [0x0000000700000000, 0x000000070aa80000, 0x00000007aaa80000)
  object space 174592K, 0% used [0x0000000700000000,0x0000000700002000,0x000000070aa80000)
 PSPermGen       total 21504K, used 11963K [0x00000006fae00000, 0x00000006fc300000, 0x0000000700000000)
  object space 21504K, 55% used [0x00000006fae00000,0x00000006fb9aec00,0x00000006fc300000)
}
Event: 7.078 GC heap before
{Heap before GC invocations=2 (full 0):
 PSYoungGen      total 76800K, used 72220K [0x00000007aaa80000, 0x00000007b0000000, 0x0000000800000000)
  eden space 66048K, 98% used [0x00000007aaa80000,0x00000007ae9c0870,0x00000007aeb00000)
  from space 10752K, 69% used [0x00000007aeb00000,0x00000007af2467d0,0x00000007af580000)
  to   space 10752K, 0% used [0x00000007af580000,0x00000007af580000,0x00000007b0000000)
 ParOldGen       total 174592K, used 8K [0x0000000700000000, 0x000000070aa80000, 0x00000007aaa80000)
  object space 174592K, 0% used [0x0000000700000000,0x0000000700002000,0x000000070aa80000)
 PSPermGen       total 21504K, used 11963K [0x00000006fae00000, 0x00000006fc300000, 0x0000000700000000)
  object space 21504K, 55% used [0x00000006fae00000,0x00000006fb9aee88,0x00000006fc300000)
Event: 7.082 GC heap after
Heap after GC invocations=2 (full 0):
 PSYoungGen      total 76800K, used 4770K [0x00000007aaa80000, 0x00000007b0000000, 0x0000000800000000)
  eden space 66048K, 0% used [0x00000007aaa80000,0x00000007aaa80000,0x00000007aeb00000)
  from space 10752K, 44% used [0x00000007af580000,0x00000007afa288b8,0x00000007b0000000)
  to   space 10752K, 0% used [0x00000007aeb00000,0x00000007aeb00000,0x00000007af580000)
 ParOldGen       total 174592K, used 8K [0x0000000700000000, 0x000000070aa80000, 0x00000007aaa80000)
  object space 174592K, 0% used [0x0000000700000000,0x0000000700002000,0x000000070aa80000)
 PSPermGen       total 21504K, used 11963K [0x00000006fae00000, 0x00000006fc300000, 0x0000000700000000)
  object space 21504K, 55% used [0x00000006fae00000,0x00000006fb9aee88,0x00000006fc300000)
}
Event: 7.773 GC heap before
{Heap before GC invocations=3 (full 0):
 PSYoungGen      total 76800K, used 70457K [0x00000007aaa80000, 0x00000007b0000000, 0x0000000800000000)
  eden space 66048K, 99% used [0x00000007aaa80000,0x00000007aeaa5c28,0x00000007aeb00000)
  from space 10752K, 44% used [0x00000007af580000,0x00000007afa288b8,0x00000007b0000000)
  to   space 10752K, 0% used [0x00000007aeb00000,0x00000007aeb00000,0x00000007af580000)
 ParOldGen       total 174592K, used 8K [0x0000000700000000, 0x000000070aa80000, 0x00000007aaa80000)
  object space 174592K, 0% used [0x0000000700000000,0x0000000700002000,0x000000070aa80000)
 PSPermGen       total 21504K, used 11963K [0x00000006fae00000, 0x00000006fc300000, 0x0000000700000000)
  object space 21504K, 55% used [0x00000006fae00000,0x00000006fb9aefa0,0x00000006fc300000)
Event: 7.776 GC heap after
Heap after GC invocations=3 (full 0):
 PSYoungGen      total 76800K, used 4514K [0x00000007aaa80000, 0x00000007b0000000, 0x0000000800000000)
  eden space 66048K, 0% used [0x00000007aaa80000,0x00000007aaa80000,0x00000007aeb00000)
  from space 10752K, 41% used [0x00000007aeb00000,0x00000007aef68908,0x00000007af580000)
  to   space 10752K, 0% used [0x00000007af580000,0x00000007af580000,0x00000007b0000000)
 ParOldGen       total 174592K, used 16K [0x0000000700000000, 0x000000070aa80000, 0x00000007aaa80000)
  object space 174592K, 0% used [0x0000000700000000,0x0000000700004000,0x000000070aa80000)
 PSPermGen       total 21504K, used 11963K [0x00000006fae00000, 0x00000006fc300000, 0x0000000700000000)
  object space 21504K, 55% used [0x00000006fae00000,0x00000006fb9aefa0,0x00000006fc300000)
}

